-------------------------------------------------------------------------------
Test set: com.cognizant.medicalrepresentative.model.ErrorResponseTest
-------------------------------------------------------------------------------
Tests run: 1, Failures: 0, Errors: 1, Skipped: 0, Time elapsed: 0.006 s <<< FAILURE! - in com.cognizant.medicalrepresentative.model.ErrorResponseTest
initializationError  Time elapsed: 0 s  <<< ERROR!
java.lang.IllegalStateException: Unable to find a @SpringBootConfiguration, you need to use @ContextConfiguration or @SpringBootTest(classes=...) with your test

