<?xml version="1.0" encoding="UTF-8"?>
<testsuite xmlns:xsi="http://www.w3.org/2001/XMLSchema-instance" xsi:noNamespaceSchemaLocation="https://maven.apache.org/surefire/maven-surefire-plugin/xsd/surefire-test-report.xsd" name="com.cognizant.medicalrepresentativeschedule.service.MedRepScheduleServiceImplTest" time="3.247" tests="1" errors="0" skipped="0" failures="1">
  <properties>
[...]
</properties>
  <testcase name="testGetRepSchedule" classname="com.cognizant.medicalrepresentativeschedule.service.MedRepScheduleServiceImplTest" time="2.589">
    <failure type="java.lang.AssertionError">java.lang.AssertionError
	at com.cognizant.medicalrepresentativeschedule.service.MedRepScheduleServiceImplTest.testGetRepSchedule(MedRepScheduleServiceImplTest.java:59)
</failure>
    <system-out><![CDATA[06-08-21 15:30:25.251 main                  INFO otTestContextBootstrapper buildDefaultMergedContextConfiguration  308 Neither @ContextConfiguration nor @ContextHierarchy found for test class [com.cognizant.medicalrepresentativeschedule.service.MedRepScheduleServiceImplTest], using SpringBootContextLoader
06-08-21 15:30:25.256 main                  INFO c.s.AbstractContextLoader  generateDefaultLocations  264 Could not detect default resource locations for test class [com.cognizant.medicalrepresentativeschedule.service.MedRepScheduleServiceImplTest]: no resource found for suffixes {-context.xml, Context.groovy}.
06-08-21 15:30:25.263 main                  INFO nConfigContextLoaderUtils detectDefaultConfigurationClasses   83 Could not detect default configuration classes for test class [com.cognizant.medicalrepresentativeschedule.service.MedRepScheduleServiceImplTest]: MedRepScheduleServiceImplTest does not declare any static, non-private, non-final, nested classes annotated with @Configuration.
06-08-21 15:30:25.327 main                  INFO otTestContextBootstrapper getOrFindConfigurationClasses  237 Found @SpringBootConfiguration com.cognizant.medicalrepresentativeschedule.MedRepScheduleServiceApplication for test class com.cognizant.medicalrepresentativeschedule.service.MedRepScheduleServiceImplTest
06-08-21 15:30:25.331 main                  INFO otTestContextBootstrapper getDefaultTestExecutionListenerClassNames  248 Loaded default TestExecutionListener class names from location [META-INF/spring.factories]: [org.springframework.boot.test.mock.mockito.MockitoTestExecutionListener, org.springframework.boot.test.mock.mockito.ResetMocksTestExecutionListener, org.springframework.boot.test.autoconfigure.restdocs.RestDocsTestExecutionListener, org.springframework.boot.test.autoconfigure.web.client.MockRestServiceServerResetTestExecutionListener, org.springframework.boot.test.autoconfigure.web.servlet.MockMvcPrintOnlyOnFailureTestExecutionListener, org.springframework.boot.test.autoconfigure.web.servlet.WebDriverTestExecutionListener, org.springframework.boot.test.autoconfigure.webservices.client.MockWebServiceServerTestExecutionListener, org.springframework.test.context.web.ServletTestExecutionListener, org.springframework.test.context.support.DirtiesContextBeforeModesTestExecutionListener, org.springframework.test.context.support.DependencyInjectionTestExecutionListener, org.springframework.test.context.support.DirtiesContextTestExecutionListener, org.springframework.test.context.transaction.TransactionalTestExecutionListener, org.springframework.test.context.jdbc.SqlScriptsTestExecutionListener, org.springframework.test.context.event.EventPublishingTestExecutionListener]
06-08-21 15:30:25.332 main                  INFO otTestContextBootstrapper getTestExecutionListeners  177 Using TestExecutionListeners: [org.springframework.test.context.web.ServletTestExecutionListener@62cb977a, org.springframework.test.context.support.DirtiesContextBeforeModesTestExecutionListener@7db70494, org.springframework.boot.test.mock.mockito.MockitoTestExecutionListener@3f030217, org.springframework.boot.test.autoconfigure.SpringBootDependencyInjectionTestExecutionListener@2fca9fae, org.springframework.test.context.support.DirtiesContextTestExecutionListener@1104ad6a, org.springframework.test.context.transaction.TransactionalTestExecutionListener@54d2887a, org.springframework.test.context.jdbc.SqlScriptsTestExecutionListener@73e63b4d, org.springframework.test.context.event.EventPublishingTestExecutionListener@8aafd70, org.springframework.boot.test.mock.mockito.ResetMocksTestExecutionListener@3c717ef2, org.springframework.boot.test.autoconfigure.restdocs.RestDocsTestExecutionListener@7ca0b05e, org.springframework.boot.test.autoconfigure.web.client.MockRestServiceServerResetTestExecutionListener@3e5ed0d4, org.springframework.boot.test.autoconfigure.web.servlet.MockMvcPrintOnlyOnFailureTestExecutionListener@61c0fb12, org.springframework.boot.test.autoconfigure.web.servlet.WebDriverTestExecutionListener@56f19f36, org.springframework.boot.test.autoconfigure.webservices.client.MockWebServiceServerTestExecutionListener@2faae7f6]
06-08-21 15:30:25.742 main                  INFO epScheduleServiceImplTest        testGetRepSchedule   54 Start
06-08-21 15:30:25.751 main                  INFO MedRepScheduleServiceImpl            getRepSchedule   39 Start
06-08-21 15:30:25.751 main                  INFO MedRepScheduleServiceImpl            isValidSession  114 Start
]]></system-out>
  </testcase>
</testsuite>