<?xml version="1.0" encoding="UTF-8"?>
<testsuite xmlns:xsi="http://www.w3.org/2001/XMLSchema-instance" xsi:noNamespaceSchemaLocation="https://maven.apache.org/surefire/maven-surefire-plugin/xsd/surefire-test-report.xsd" name="com.cognizant.medicalrepresentative.MedRepScheduleServiceApplicationTests" time="1.276" tests="1" errors="1" skipped="0" failures="0">
  <properties>
[...]
</properties>
  <testcase name="com.cognizant.medicalrepresentative.MedRepScheduleServiceApplicationTests" classname="com.cognizant.medicalrepresentative.MedRepScheduleServiceApplicationTests" time="1.243">
    <error message="Unable to find a @SpringBootConfiguration, you need to use @ContextConfiguration or @SpringBootTest(classes=...) with your test" type="java.lang.IllegalStateException">java.lang.IllegalStateException: Unable to find a @SpringBootConfiguration, you need to use @ContextConfiguration or @SpringBootTest(classes=...) with your test
</error>
    <system-out><![CDATA[15:29:54.068 [main] DEBUG org.springframework.test.context.junit4.SpringJUnit4ClassRunner - SpringJUnit4ClassRunner constructor called with [class com.cognizant.medicalrepresentative.model.ErrorResponseTest]
15:29:54.080 [main] DEBUG org.springframework.test.context.BootstrapUtils - Instantiating CacheAwareContextLoaderDelegate from class [org.springframework.test.context.cache.DefaultCacheAwareContextLoaderDelegate]
15:29:54.274 [main] DEBUG org.springframework.test.context.BootstrapUtils - Instantiating BootstrapContext using constructor [public org.springframework.test.context.support.DefaultBootstrapContext(java.lang.Class,org.springframework.test.context.CacheAwareContextLoaderDelegate)]
15:29:54.550 [main] DEBUG org.springframework.test.context.BootstrapUtils - Instantiating TestContextBootstrapper for test class [com.cognizant.medicalrepresentative.model.ErrorResponseTest] from class [org.springframework.boot.test.context.SpringBootTestContextBootstrapper]
15:29:54.644 [main] INFO org.springframework.boot.test.context.SpringBootTestContextBootstrapper - Neither @ContextConfiguration nor @ContextHierarchy found for test class [com.cognizant.medicalrepresentative.model.ErrorResponseTest], using SpringBootContextLoader
15:29:54.659 [main] DEBUG org.springframework.test.context.support.AbstractContextLoader - Did not detect default resource location for test class [com.cognizant.medicalrepresentative.model.ErrorResponseTest]: class path resource [com/cognizant/medicalrepresentative/model/ErrorResponseTest-context.xml] does not exist
15:29:54.662 [main] DEBUG org.springframework.test.context.support.AbstractContextLoader - Did not detect default resource location for test class [com.cognizant.medicalrepresentative.model.ErrorResponseTest]: class path resource [com/cognizant/medicalrepresentative/model/ErrorResponseTestContext.groovy] does not exist
15:29:54.663 [main] INFO org.springframework.test.context.support.AbstractContextLoader - Could not detect default resource locations for test class [com.cognizant.medicalrepresentative.model.ErrorResponseTest]: no resource found for suffixes {-context.xml, Context.groovy}.
15:29:54.667 [main] INFO org.springframework.test.context.support.AnnotationConfigContextLoaderUtils - Could not detect default configuration classes for test class [com.cognizant.medicalrepresentative.model.ErrorResponseTest]: ErrorResponseTest does not declare any static, non-private, non-final, nested classes annotated with @Configuration.
15:29:54.924 [main] DEBUG org.springframework.test.context.support.ActiveProfilesUtils - Could not find an 'annotation declaring class' for annotation type [org.springframework.test.context.ActiveProfiles] and class [com.cognizant.medicalrepresentative.model.ErrorResponseTest]
15:29:55.126 [main] DEBUG org.springframework.test.context.junit4.SpringJUnit4ClassRunner - SpringJUnit4ClassRunner constructor called with [class com.cognizant.medicalrepresentative.model.JwtResponseTest]
15:29:55.127 [main] DEBUG org.springframework.test.context.BootstrapUtils - Instantiating CacheAwareContextLoaderDelegate from class [org.springframework.test.context.cache.DefaultCacheAwareContextLoaderDelegate]
15:29:55.127 [main] DEBUG org.springframework.test.context.BootstrapUtils - Instantiating BootstrapContext using constructor [public org.springframework.test.context.support.DefaultBootstrapContext(java.lang.Class,org.springframework.test.context.CacheAwareContextLoaderDelegate)]
15:29:55.128 [main] DEBUG org.springframework.test.context.BootstrapUtils - Instantiating TestContextBootstrapper for test class [com.cognizant.medicalrepresentative.model.JwtResponseTest] from class [org.springframework.test.context.support.DefaultTestContextBootstrapper]
15:29:55.143 [main] INFO org.springframework.test.context.support.DefaultTestContextBootstrapper - Neither @ContextConfiguration nor @ContextHierarchy found for test class [com.cognizant.medicalrepresentative.model.JwtResponseTest], using DelegatingSmartContextLoader
15:29:55.150 [main] DEBUG org.springframework.test.context.support.AbstractDelegatingSmartContextLoader - Delegating to GenericXmlContextLoader to process context configuration [ContextConfigurationAttributes@512baff6 declaringClass = 'com.cognizant.medicalrepresentative.model.JwtResponseTest', classes = '{}', locations = '{}', inheritLocations = false, initializers = '{}', inheritInitializers = true, name = [null], contextLoaderClass = 'org.springframework.test.context.ContextLoader'].
15:29:55.152 [main] DEBUG org.springframework.test.context.support.AbstractContextLoader - Did not detect default resource location for test class [com.cognizant.medicalrepresentative.model.JwtResponseTest]: class path resource [com/cognizant/medicalrepresentative/model/JwtResponseTest-context.xml] does not exist
15:29:55.153 [main] INFO org.springframework.test.context.support.AbstractContextLoader - Could not detect default resource locations for test class [com.cognizant.medicalrepresentative.model.JwtResponseTest]: no resource found for suffixes {-context.xml}.
15:29:55.154 [main] DEBUG org.springframework.test.context.support.AbstractDelegatingSmartContextLoader - Delegating to AnnotationConfigContextLoader to process context configuration [ContextConfigurationAttributes@512baff6 declaringClass = 'com.cognizant.medicalrepresentative.model.JwtResponseTest', classes = '{}', locations = '{}', inheritLocations = false, initializers = '{}', inheritInitializers = true, name = [null], contextLoaderClass = 'org.springframework.test.context.ContextLoader'].
15:29:55.155 [main] INFO org.springframework.test.context.support.AnnotationConfigContextLoaderUtils - Could not detect default configuration classes for test class [com.cognizant.medicalrepresentative.model.JwtResponseTest]: JwtResponseTest does not declare any static, non-private, non-final, nested classes annotated with @Configuration.
15:29:55.159 [main] DEBUG org.springframework.test.context.support.ActiveProfilesUtils - Could not find an 'annotation declaring class' for annotation type [org.springframework.test.context.ActiveProfiles] and class [com.cognizant.medicalrepresentative.model.JwtResponseTest]
15:29:55.161 [main] DEBUG org.springframework.test.context.support.DefaultTestContextBootstrapper - @TestExecutionListeners is not present for class [com.cognizant.medicalrepresentative.model.JwtResponseTest]: using defaults.
15:29:55.162 [main] INFO org.springframework.test.context.support.DefaultTestContextBootstrapper - Loaded default TestExecutionListener class names from location [META-INF/spring.factories]: [org.springframework.boot.test.mock.mockito.MockitoTestExecutionListener, org.springframework.boot.test.mock.mockito.ResetMocksTestExecutionListener, org.springframework.boot.test.autoconfigure.restdocs.RestDocsTestExecutionListener, org.springframework.boot.test.autoconfigure.web.client.MockRestServiceServerResetTestExecutionListener, org.springframework.boot.test.autoconfigure.web.servlet.MockMvcPrintOnlyOnFailureTestExecutionListener, org.springframework.boot.test.autoconfigure.web.servlet.WebDriverTestExecutionListener, org.springframework.boot.test.autoconfigure.webservices.client.MockWebServiceServerTestExecutionListener, org.springframework.test.context.web.ServletTestExecutionListener, org.springframework.test.context.support.DirtiesContextBeforeModesTestExecutionListener, org.springframework.test.context.support.DependencyInjectionTestExecutionListener, org.springframework.test.context.support.DirtiesContextTestExecutionListener, org.springframework.test.context.transaction.TransactionalTestExecutionListener, org.springframework.test.context.jdbc.SqlScriptsTestExecutionListener, org.springframework.test.context.event.EventPublishingTestExecutionListener]
15:29:55.254 [main] INFO org.springframework.test.context.support.DefaultTestContextBootstrapper - Using TestExecutionListeners: [org.springframework.test.context.web.ServletTestExecutionListener@1a20270e, org.springframework.test.context.support.DirtiesContextBeforeModesTestExecutionListener@6b88ca8c, org.springframework.boot.test.mock.mockito.MockitoTestExecutionListener@336f1079, org.springframework.test.context.support.DependencyInjectionTestExecutionListener@2f16c6b3, org.springframework.test.context.support.DirtiesContextTestExecutionListener@34158c08, org.springframework.test.context.transaction.TransactionalTestExecutionListener@19e4fcac, org.springframework.test.context.jdbc.SqlScriptsTestExecutionListener@52c3cb31, org.springframework.test.context.event.EventPublishingTestExecutionListener@4b79ac84, org.springframework.boot.test.mock.mockito.ResetMocksTestExecutionListener@53941c2f, org.springframework.boot.test.autoconfigure.restdocs.RestDocsTestExecutionListener@6dab9b6d, org.springframework.boot.test.autoconfigure.web.client.MockRestServiceServerResetTestExecutionListener@21fd5faa, org.springframework.boot.test.autoconfigure.web.servlet.MockMvcPrintOnlyOnFailureTestExecutionListener@2766ca9d, org.springframework.boot.test.autoconfigure.web.servlet.WebDriverTestExecutionListener@5460cf3a, org.springframework.boot.test.autoconfigure.webservices.client.MockWebServiceServerTestExecutionListener@65a15628]
15:29:55.261 [main] DEBUG org.springframework.test.annotation.ProfileValueUtils - Retrieved @ProfileValueSourceConfiguration [null] for test class [com.cognizant.medicalrepresentative.model.JwtResponseTest]
15:29:55.265 [main] DEBUG org.springframework.test.annotation.ProfileValueUtils - Retrieved ProfileValueSource type [class org.springframework.test.annotation.SystemProfileValueSource] for class [com.cognizant.medicalrepresentative.model.JwtResponseTest]
15:29:55.266 [main] DEBUG org.springframework.test.annotation.ProfileValueUtils - Retrieved @ProfileValueSourceConfiguration [null] for test class [com.cognizant.medicalrepresentative.model.JwtResponseTest]
15:29:55.267 [main] DEBUG org.springframework.test.annotation.ProfileValueUtils - Retrieved ProfileValueSource type [class org.springframework.test.annotation.SystemProfileValueSource] for class [com.cognizant.medicalrepresentative.model.JwtResponseTest]
15:29:55.267 [main] DEBUG org.springframework.test.annotation.ProfileValueUtils - Retrieved @ProfileValueSourceConfiguration [null] for test class [com.cognizant.medicalrepresentative.model.JwtResponseTest]
15:29:55.268 [main] DEBUG org.springframework.test.annotation.ProfileValueUtils - Retrieved ProfileValueSource type [class org.springframework.test.annotation.SystemProfileValueSource] for class [com.cognizant.medicalrepresentative.model.JwtResponseTest]
15:29:55.286 [main] DEBUG org.springframework.test.context.junit4.SpringJUnit4ClassRunner - SpringJUnit4ClassRunner constructor called with [class com.cognizant.medicalrepresentative.model.MedicalRepresentativesTest]
15:29:55.287 [main] DEBUG org.springframework.test.context.BootstrapUtils - Instantiating CacheAwareContextLoaderDelegate from class [org.springframework.test.context.cache.DefaultCacheAwareContextLoaderDelegate]
15:29:55.290 [main] DEBUG org.springframework.test.context.BootstrapUtils - Instantiating BootstrapContext using constructor [public org.springframework.test.context.support.DefaultBootstrapContext(java.lang.Class,org.springframework.test.context.CacheAwareContextLoaderDelegate)]
15:29:55.291 [main] DEBUG org.springframework.test.context.BootstrapUtils - Instantiating TestContextBootstrapper for test class [com.cognizant.medicalrepresentative.model.MedicalRepresentativesTest] from class [org.springframework.test.context.support.DefaultTestContextBootstrapper]
15:29:55.298 [main] INFO org.springframework.test.context.support.DefaultTestContextBootstrapper - Neither @ContextConfiguration nor @ContextHierarchy found for test class [com.cognizant.medicalrepresentative.model.MedicalRepresentativesTest], using DelegatingSmartContextLoader
15:29:55.299 [main] DEBUG org.springframework.test.context.support.AbstractDelegatingSmartContextLoader - Delegating to GenericXmlContextLoader to process context configuration [ContextConfigurationAttributes@31dadd46 declaringClass = 'com.cognizant.medicalrepresentative.model.MedicalRepresentativesTest', classes = '{}', locations = '{}', inheritLocations = false, initializers = '{}', inheritInitializers = true, name = [null], contextLoaderClass = 'org.springframework.test.context.ContextLoader'].
15:29:55.300 [main] DEBUG org.springframework.test.context.support.AbstractContextLoader - Did not detect default resource location for test class [com.cognizant.medicalrepresentative.model.MedicalRepresentativesTest]: class path resource [com/cognizant/medicalrepresentative/model/MedicalRepresentativesTest-context.xml] does not exist
15:29:55.301 [main] INFO org.springframework.test.context.support.AbstractContextLoader - Could not detect default resource locations for test class [com.cognizant.medicalrepresentative.model.MedicalRepresentativesTest]: no resource found for suffixes {-context.xml}.
15:29:55.301 [main] DEBUG org.springframework.test.context.support.AbstractDelegatingSmartContextLoader - Delegating to AnnotationConfigContextLoader to process context configuration [ContextConfigurationAttributes@31dadd46 declaringClass = 'com.cognizant.medicalrepresentative.model.MedicalRepresentativesTest', classes = '{}', locations = '{}', inheritLocations = false, initializers = '{}', inheritInitializers = true, name = [null], contextLoaderClass = 'org.springframework.test.context.ContextLoader'].
15:29:55.302 [main] INFO org.springframework.test.context.support.AnnotationConfigContextLoaderUtils - Could not detect default configuration classes for test class [com.cognizant.medicalrepresentative.model.MedicalRepresentativesTest]: MedicalRepresentativesTest does not declare any static, non-private, non-final, nested classes annotated with @Configuration.
15:29:55.308 [main] DEBUG org.springframework.test.context.support.ActiveProfilesUtils - Could not find an 'annotation declaring class' for annotation type [org.springframework.test.context.ActiveProfiles] and class [com.cognizant.medicalrepresentative.model.MedicalRepresentativesTest]
15:29:55.308 [main] DEBUG org.springframework.test.context.support.DefaultTestContextBootstrapper - @TestExecutionListeners is not present for class [com.cognizant.medicalrepresentative.model.MedicalRepresentativesTest]: using defaults.
15:29:55.309 [main] INFO org.springframework.test.context.support.DefaultTestContextBootstrapper - Loaded default TestExecutionListener class names from location [META-INF/spring.factories]: [org.springframework.boot.test.mock.mockito.MockitoTestExecutionListener, org.springframework.boot.test.mock.mockito.ResetMocksTestExecutionListener, org.springframework.boot.test.autoconfigure.restdocs.RestDocsTestExecutionListener, org.springframework.boot.test.autoconfigure.web.client.MockRestServiceServerResetTestExecutionListener, org.springframework.boot.test.autoconfigure.web.servlet.MockMvcPrintOnlyOnFailureTestExecutionListener, org.springframework.boot.test.autoconfigure.web.servlet.WebDriverTestExecutionListener, org.springframework.boot.test.autoconfigure.webservices.client.MockWebServiceServerTestExecutionListener, org.springframework.test.context.web.ServletTestExecutionListener, org.springframework.test.context.support.DirtiesContextBeforeModesTestExecutionListener, org.springframework.test.context.support.DependencyInjectionTestExecutionListener, org.springframework.test.context.support.DirtiesContextTestExecutionListener, org.springframework.test.context.transaction.TransactionalTestExecutionListener, org.springframework.test.context.jdbc.SqlScriptsTestExecutionListener, org.springframework.test.context.event.EventPublishingTestExecutionListener]
15:29:55.311 [main] INFO org.springframework.test.context.support.DefaultTestContextBootstrapper - Using TestExecutionListeners: [org.springframework.test.context.web.ServletTestExecutionListener@19b93fa8, org.springframework.test.context.support.DirtiesContextBeforeModesTestExecutionListener@7e6ef134, org.springframework.boot.test.mock.mockito.MockitoTestExecutionListener@1f010bf0, org.springframework.test.context.support.DependencyInjectionTestExecutionListener@40db2a24, org.springframework.test.context.support.DirtiesContextTestExecutionListener@10cf09e8, org.springframework.test.context.transaction.TransactionalTestExecutionListener@1921ad94, org.springframework.test.context.jdbc.SqlScriptsTestExecutionListener@ee86bcb, org.springframework.test.context.event.EventPublishingTestExecutionListener@177bea38, org.springframework.boot.test.mock.mockito.ResetMocksTestExecutionListener@7f132176, org.springframework.boot.test.autoconfigure.restdocs.RestDocsTestExecutionListener@6bca7e0d, org.springframework.boot.test.autoconfigure.web.client.MockRestServiceServerResetTestExecutionListener@2631f68c, org.springframework.boot.test.autoconfigure.web.servlet.MockMvcPrintOnlyOnFailureTestExecutionListener@6ed3f258, org.springframework.boot.test.autoconfigure.web.servlet.WebDriverTestExecutionListener@8ad6665, org.springframework.boot.test.autoconfigure.webservices.client.MockWebServiceServerTestExecutionListener@30af5b6b]
15:29:55.314 [main] DEBUG org.springframework.test.annotation.ProfileValueUtils - Retrieved @ProfileValueSourceConfiguration [null] for test class [com.cognizant.medicalrepresentative.model.MedicalRepresentativesTest]
15:29:55.316 [main] DEBUG org.springframework.test.annotation.ProfileValueUtils - Retrieved ProfileValueSource type [class org.springframework.test.annotation.SystemProfileValueSource] for class [com.cognizant.medicalrepresentative.model.MedicalRepresentativesTest]
15:29:55.317 [main] DEBUG org.springframework.test.annotation.ProfileValueUtils - Retrieved @ProfileValueSourceConfiguration [null] for test class [com.cognizant.medicalrepresentative.model.MedicalRepresentativesTest]
15:29:55.318 [main] DEBUG org.springframework.test.annotation.ProfileValueUtils - Retrieved ProfileValueSource type [class org.springframework.test.annotation.SystemProfileValueSource] for class [com.cognizant.medicalrepresentative.model.MedicalRepresentativesTest]
15:29:55.318 [main] DEBUG org.springframework.test.annotation.ProfileValueUtils - Retrieved @ProfileValueSourceConfiguration [null] for test class [com.cognizant.medicalrepresentative.model.MedicalRepresentativesTest]
15:29:55.319 [main] DEBUG org.springframework.test.annotation.ProfileValueUtils - Retrieved ProfileValueSource type [class org.springframework.test.annotation.SystemProfileValueSource] for class [com.cognizant.medicalrepresentative.model.MedicalRepresentativesTest]
15:29:55.402 [main] DEBUG org.springframework.test.context.junit4.SpringJUnit4ClassRunner - SpringJUnit4ClassRunner constructor called with [class com.cognizant.medicalrepresentative.model.ErrorResponseTest]
15:29:55.410 [main] DEBUG org.springframework.test.context.BootstrapUtils - Instantiating CacheAwareContextLoaderDelegate from class [org.springframework.test.context.cache.DefaultCacheAwareContextLoaderDelegate]
15:29:55.411 [main] DEBUG org.springframework.test.context.BootstrapUtils - Instantiating BootstrapContext using constructor [public org.springframework.test.context.support.DefaultBootstrapContext(java.lang.Class,org.springframework.test.context.CacheAwareContextLoaderDelegate)]
15:29:55.411 [main] DEBUG org.springframework.test.context.BootstrapUtils - Instantiating TestContextBootstrapper for test class [com.cognizant.medicalrepresentative.model.ErrorResponseTest] from class [org.springframework.boot.test.context.SpringBootTestContextBootstrapper]
15:29:55.412 [main] INFO org.springframework.boot.test.context.SpringBootTestContextBootstrapper - Neither @ContextConfiguration nor @ContextHierarchy found for test class [com.cognizant.medicalrepresentative.model.ErrorResponseTest], using SpringBootContextLoader
15:29:55.416 [main] DEBUG org.springframework.test.context.support.AbstractContextLoader - Did not detect default resource location for test class [com.cognizant.medicalrepresentative.model.ErrorResponseTest]: class path resource [com/cognizant/medicalrepresentative/model/ErrorResponseTest-context.xml] does not exist
15:29:55.417 [main] DEBUG org.springframework.test.context.support.AbstractContextLoader - Did not detect default resource location for test class [com.cognizant.medicalrepresentative.model.ErrorResponseTest]: class path resource [com/cognizant/medicalrepresentative/model/ErrorResponseTestContext.groovy] does not exist
15:29:55.418 [main] INFO org.springframework.test.context.support.AbstractContextLoader - Could not detect default resource locations for test class [com.cognizant.medicalrepresentative.model.ErrorResponseTest]: no resource found for suffixes {-context.xml, Context.groovy}.
15:29:55.418 [main] INFO org.springframework.test.context.support.AnnotationConfigContextLoaderUtils - Could not detect default configuration classes for test class [com.cognizant.medicalrepresentative.model.ErrorResponseTest]: ErrorResponseTest does not declare any static, non-private, non-final, nested classes annotated with @Configuration.
15:29:55.427 [main] DEBUG org.springframework.test.context.support.ActiveProfilesUtils - Could not find an 'annotation declaring class' for annotation type [org.springframework.test.context.ActiveProfiles] and class [com.cognizant.medicalrepresentative.model.ErrorResponseTest]
15:29:55.538 [main] DEBUG org.springframework.test.context.junit4.SpringJUnit4ClassRunner - SpringJUnit4ClassRunner constructor called with [class com.cognizant.medicalrepresentative.model.JwtResponseTest]
15:29:55.538 [main] DEBUG org.springframework.test.context.BootstrapUtils - Instantiating CacheAwareContextLoaderDelegate from class [org.springframework.test.context.cache.DefaultCacheAwareContextLoaderDelegate]
15:29:55.539 [main] DEBUG org.springframework.test.context.BootstrapUtils - Instantiating BootstrapContext using constructor [public org.springframework.test.context.support.DefaultBootstrapContext(java.lang.Class,org.springframework.test.context.CacheAwareContextLoaderDelegate)]
15:29:55.541 [main] DEBUG org.springframework.test.context.BootstrapUtils - Instantiating TestContextBootstrapper for test class [com.cognizant.medicalrepresentative.model.JwtResponseTest] from class [org.springframework.test.context.support.DefaultTestContextBootstrapper]
15:29:55.542 [main] INFO org.springframework.test.context.support.DefaultTestContextBootstrapper - Neither @ContextConfiguration nor @ContextHierarchy found for test class [com.cognizant.medicalrepresentative.model.JwtResponseTest], using DelegatingSmartContextLoader
15:29:55.542 [main] DEBUG org.springframework.test.context.support.AbstractDelegatingSmartContextLoader - Delegating to GenericXmlContextLoader to process context configuration [ContextConfigurationAttributes@77d67cf3 declaringClass = 'com.cognizant.medicalrepresentative.model.JwtResponseTest', classes = '{}', locations = '{}', inheritLocations = false, initializers = '{}', inheritInitializers = true, name = [null], contextLoaderClass = 'org.springframework.test.context.ContextLoader'].
15:29:55.543 [main] DEBUG org.springframework.test.context.support.AbstractContextLoader - Did not detect default resource location for test class [com.cognizant.medicalrepresentative.model.JwtResponseTest]: class path resource [com/cognizant/medicalrepresentative/model/JwtResponseTest-context.xml] does not exist
15:29:55.547 [main] INFO org.springframework.test.context.support.AbstractContextLoader - Could not detect default resource locations for test class [com.cognizant.medicalrepresentative.model.JwtResponseTest]: no resource found for suffixes {-context.xml}.
15:29:55.548 [main] DEBUG org.springframework.test.context.support.AbstractDelegatingSmartContextLoader - Delegating to AnnotationConfigContextLoader to process context configuration [ContextConfigurationAttributes@77d67cf3 declaringClass = 'com.cognizant.medicalrepresentative.model.JwtResponseTest', classes = '{}', locations = '{}', inheritLocations = false, initializers = '{}', inheritInitializers = true, name = [null], contextLoaderClass = 'org.springframework.test.context.ContextLoader'].
15:29:55.548 [main] INFO org.springframework.test.context.support.AnnotationConfigContextLoaderUtils - Could not detect default configuration classes for test class [com.cognizant.medicalrepresentative.model.JwtResponseTest]: JwtResponseTest does not declare any static, non-private, non-final, nested classes annotated with @Configuration.
15:29:55.586 [main] DEBUG org.springframework.test.context.support.ActiveProfilesUtils - Could not find an 'annotation declaring class' for annotation type [org.springframework.test.context.ActiveProfiles] and class [com.cognizant.medicalrepresentative.model.JwtResponseTest]
15:29:55.586 [main] DEBUG org.springframework.test.context.support.DefaultTestContextBootstrapper - @TestExecutionListeners is not present for class [com.cognizant.medicalrepresentative.model.JwtResponseTest]: using defaults.
15:29:55.587 [main] INFO org.springframework.test.context.support.DefaultTestContextBootstrapper - Loaded default TestExecutionListener class names from location [META-INF/spring.factories]: [org.springframework.boot.test.mock.mockito.MockitoTestExecutionListener, org.springframework.boot.test.mock.mockito.ResetMocksTestExecutionListener, org.springframework.boot.test.autoconfigure.restdocs.RestDocsTestExecutionListener, org.springframework.boot.test.autoconfigure.web.client.MockRestServiceServerResetTestExecutionListener, org.springframework.boot.test.autoconfigure.web.servlet.MockMvcPrintOnlyOnFailureTestExecutionListener, org.springframework.boot.test.autoconfigure.web.servlet.WebDriverTestExecutionListener, org.springframework.boot.test.autoconfigure.webservices.client.MockWebServiceServerTestExecutionListener, org.springframework.test.context.web.ServletTestExecutionListener, org.springframework.test.context.support.DirtiesContextBeforeModesTestExecutionListener, org.springframework.test.context.support.DependencyInjectionTestExecutionListener, org.springframework.test.context.support.DirtiesContextTestExecutionListener, org.springframework.test.context.transaction.TransactionalTestExecutionListener, org.springframework.test.context.jdbc.SqlScriptsTestExecutionListener, org.springframework.test.context.event.EventPublishingTestExecutionListener]
15:29:55.590 [main] INFO org.springframework.test.context.support.DefaultTestContextBootstrapper - Using TestExecutionListeners: [org.springframework.test.context.web.ServletTestExecutionListener@6dee4f1b, org.springframework.test.context.support.DirtiesContextBeforeModesTestExecutionListener@176b3f44, org.springframework.boot.test.mock.mockito.MockitoTestExecutionListener@6ee6f53, org.springframework.test.context.support.DependencyInjectionTestExecutionListener@421bba99, org.springframework.test.context.support.DirtiesContextTestExecutionListener@5d12a356, org.springframework.test.context.transaction.TransactionalTestExecutionListener@134d26af, org.springframework.test.context.jdbc.SqlScriptsTestExecutionListener@66ac5762, org.springframework.test.context.event.EventPublishingTestExecutionListener@797cf65c, org.springframework.boot.test.mock.mockito.ResetMocksTestExecutionListener@31bcf236, org.springframework.boot.test.autoconfigure.restdocs.RestDocsTestExecutionListener@4b3ed2f0, org.springframework.boot.test.autoconfigure.web.client.MockRestServiceServerResetTestExecutionListener@4fad9bb2, org.springframework.boot.test.autoconfigure.web.servlet.MockMvcPrintOnlyOnFailureTestExecutionListener@517d4a0d, org.springframework.boot.test.autoconfigure.web.servlet.WebDriverTestExecutionListener@7862f56, org.springframework.boot.test.autoconfigure.webservices.client.MockWebServiceServerTestExecutionListener@3a12c404]
15:29:55.591 [main] DEBUG org.springframework.test.annotation.ProfileValueUtils - Retrieved @ProfileValueSourceConfiguration [null] for test class [com.cognizant.medicalrepresentative.model.JwtResponseTest]
15:29:55.607 [main] DEBUG org.springframework.test.annotation.ProfileValueUtils - Retrieved ProfileValueSource type [class org.springframework.test.annotation.SystemProfileValueSource] for class [com.cognizant.medicalrepresentative.model.JwtResponseTest]
15:29:55.608 [main] DEBUG org.springframework.test.annotation.ProfileValueUtils - Retrieved @ProfileValueSourceConfiguration [null] for test class [com.cognizant.medicalrepresentative.model.JwtResponseTest]
15:29:55.609 [main] DEBUG org.springframework.test.annotation.ProfileValueUtils - Retrieved ProfileValueSource type [class org.springframework.test.annotation.SystemProfileValueSource] for class [com.cognizant.medicalrepresentative.model.JwtResponseTest]
15:29:55.610 [main] DEBUG org.springframework.test.annotation.ProfileValueUtils - Retrieved @ProfileValueSourceConfiguration [null] for test class [com.cognizant.medicalrepresentative.model.JwtResponseTest]
15:29:55.610 [main] DEBUG org.springframework.test.annotation.ProfileValueUtils - Retrieved ProfileValueSource type [class org.springframework.test.annotation.SystemProfileValueSource] for class [com.cognizant.medicalrepresentative.model.JwtResponseTest]
15:29:55.616 [main] DEBUG org.springframework.test.context.junit4.SpringJUnit4ClassRunner - SpringJUnit4ClassRunner constructor called with [class com.cognizant.medicalrepresentative.model.MedicalRepresentativesTest]
15:29:55.618 [main] DEBUG org.springframework.test.context.BootstrapUtils - Instantiating CacheAwareContextLoaderDelegate from class [org.springframework.test.context.cache.DefaultCacheAwareContextLoaderDelegate]
15:29:55.618 [main] DEBUG org.springframework.test.context.BootstrapUtils - Instantiating BootstrapContext using constructor [public org.springframework.test.context.support.DefaultBootstrapContext(java.lang.Class,org.springframework.test.context.CacheAwareContextLoaderDelegate)]
15:29:55.619 [main] DEBUG org.springframework.test.context.BootstrapUtils - Instantiating TestContextBootstrapper for test class [com.cognizant.medicalrepresentative.model.MedicalRepresentativesTest] from class [org.springframework.test.context.support.DefaultTestContextBootstrapper]
15:29:55.619 [main] INFO org.springframework.test.context.support.DefaultTestContextBootstrapper - Neither @ContextConfiguration nor @ContextHierarchy found for test class [com.cognizant.medicalrepresentative.model.MedicalRepresentativesTest], using DelegatingSmartContextLoader
15:29:55.621 [main] DEBUG org.springframework.test.context.support.AbstractDelegatingSmartContextLoader - Delegating to GenericXmlContextLoader to process context configuration [ContextConfigurationAttributes@22d7b4f8 declaringClass = 'com.cognizant.medicalrepresentative.model.MedicalRepresentativesTest', classes = '{}', locations = '{}', inheritLocations = false, initializers = '{}', inheritInitializers = true, name = [null], contextLoaderClass = 'org.springframework.test.context.ContextLoader'].
15:29:55.622 [main] DEBUG org.springframework.test.context.support.AbstractContextLoader - Did not detect default resource location for test class [com.cognizant.medicalrepresentative.model.MedicalRepresentativesTest]: class path resource [com/cognizant/medicalrepresentative/model/MedicalRepresentativesTest-context.xml] does not exist
15:29:55.623 [main] INFO org.springframework.test.context.support.AbstractContextLoader - Could not detect default resource locations for test class [com.cognizant.medicalrepresentative.model.MedicalRepresentativesTest]: no resource found for suffixes {-context.xml}.
15:29:55.626 [main] DEBUG org.springframework.test.context.support.AbstractDelegatingSmartContextLoader - Delegating to AnnotationConfigContextLoader to process context configuration [ContextConfigurationAttributes@22d7b4f8 declaringClass = 'com.cognizant.medicalrepresentative.model.MedicalRepresentativesTest', classes = '{}', locations = '{}', inheritLocations = false, initializers = '{}', inheritInitializers = true, name = [null], contextLoaderClass = 'org.springframework.test.context.ContextLoader'].
15:29:55.627 [main] INFO org.springframework.test.context.support.AnnotationConfigContextLoaderUtils - Could not detect default configuration classes for test class [com.cognizant.medicalrepresentative.model.MedicalRepresentativesTest]: MedicalRepresentativesTest does not declare any static, non-private, non-final, nested classes annotated with @Configuration.
15:29:55.629 [main] DEBUG org.springframework.test.context.support.ActiveProfilesUtils - Could not find an 'annotation declaring class' for annotation type [org.springframework.test.context.ActiveProfiles] and class [com.cognizant.medicalrepresentative.model.MedicalRepresentativesTest]
15:29:55.630 [main] DEBUG org.springframework.test.context.support.DefaultTestContextBootstrapper - @TestExecutionListeners is not present for class [com.cognizant.medicalrepresentative.model.MedicalRepresentativesTest]: using defaults.
15:29:55.630 [main] INFO org.springframework.test.context.support.DefaultTestContextBootstrapper - Loaded default TestExecutionListener class names from location [META-INF/spring.factories]: [org.springframework.boot.test.mock.mockito.MockitoTestExecutionListener, org.springframework.boot.test.mock.mockito.ResetMocksTestExecutionListener, org.springframework.boot.test.autoconfigure.restdocs.RestDocsTestExecutionListener, org.springframework.boot.test.autoconfigure.web.client.MockRestServiceServerResetTestExecutionListener, org.springframework.boot.test.autoconfigure.web.servlet.MockMvcPrintOnlyOnFailureTestExecutionListener, org.springframework.boot.test.autoconfigure.web.servlet.WebDriverTestExecutionListener, org.springframework.boot.test.autoconfigure.webservices.client.MockWebServiceServerTestExecutionListener, org.springframework.test.context.web.ServletTestExecutionListener, org.springframework.test.context.support.DirtiesContextBeforeModesTestExecutionListener, org.springframework.test.context.support.DependencyInjectionTestExecutionListener, org.springframework.test.context.support.DirtiesContextTestExecutionListener, org.springframework.test.context.transaction.TransactionalTestExecutionListener, org.springframework.test.context.jdbc.SqlScriptsTestExecutionListener, org.springframework.test.context.event.EventPublishingTestExecutionListener]
15:29:55.631 [main] INFO org.springframework.test.context.support.DefaultTestContextBootstrapper - Using TestExecutionListeners: [org.springframework.test.context.web.ServletTestExecutionListener@149dd36b, org.springframework.test.context.support.DirtiesContextBeforeModesTestExecutionListener@38831718, org.springframework.boot.test.mock.mockito.MockitoTestExecutionListener@2c1156a7, org.springframework.test.context.support.DependencyInjectionTestExecutionListener@33fe57a9, org.springframework.test.context.support.DirtiesContextTestExecutionListener@4982cc36, org.springframework.test.context.transaction.TransactionalTestExecutionListener@691939c9, org.springframework.test.context.jdbc.SqlScriptsTestExecutionListener@4f1bfe23, org.springframework.test.context.event.EventPublishingTestExecutionListener@e19bb76, org.springframework.boot.test.mock.mockito.ResetMocksTestExecutionListener@512535ff, org.springframework.boot.test.autoconfigure.restdocs.RestDocsTestExecutionListener@71529963, org.springframework.boot.test.autoconfigure.web.client.MockRestServiceServerResetTestExecutionListener@61a88b8c, org.springframework.boot.test.autoconfigure.web.servlet.MockMvcPrintOnlyOnFailureTestExecutionListener@22295ec4, org.springframework.boot.test.autoconfigure.web.servlet.WebDriverTestExecutionListener@5adb0db3, org.springframework.boot.test.autoconfigure.webservices.client.MockWebServiceServerTestExecutionListener@3f270e0a]
15:29:55.631 [main] DEBUG org.springframework.test.annotation.ProfileValueUtils - Retrieved @ProfileValueSourceConfiguration [null] for test class [com.cognizant.medicalrepresentative.model.MedicalRepresentativesTest]
15:29:55.632 [main] DEBUG org.springframework.test.annotation.ProfileValueUtils - Retrieved ProfileValueSource type [class org.springframework.test.annotation.SystemProfileValueSource] for class [com.cognizant.medicalrepresentative.model.MedicalRepresentativesTest]
15:29:55.636 [main] DEBUG org.springframework.test.annotation.ProfileValueUtils - Retrieved @ProfileValueSourceConfiguration [null] for test class [com.cognizant.medicalrepresentative.model.MedicalRepresentativesTest]
15:29:55.636 [main] DEBUG org.springframework.test.annotation.ProfileValueUtils - Retrieved ProfileValueSource type [class org.springframework.test.annotation.SystemProfileValueSource] for class [com.cognizant.medicalrepresentative.model.MedicalRepresentativesTest]
15:29:55.636 [main] DEBUG org.springframework.test.annotation.ProfileValueUtils - Retrieved @ProfileValueSourceConfiguration [null] for test class [com.cognizant.medicalrepresentative.model.MedicalRepresentativesTest]
15:29:55.637 [main] DEBUG org.springframework.test.annotation.ProfileValueUtils - Retrieved ProfileValueSource type [class org.springframework.test.annotation.SystemProfileValueSource] for class [com.cognizant.medicalrepresentative.model.MedicalRepresentativesTest]
15:29:55.831 [main] DEBUG org.springframework.test.context.BootstrapUtils - Instantiating CacheAwareContextLoaderDelegate from class [org.springframework.test.context.cache.DefaultCacheAwareContextLoaderDelegate]
15:29:55.832 [main] DEBUG org.springframework.test.context.BootstrapUtils - Instantiating BootstrapContext using constructor [public org.springframework.test.context.support.DefaultBootstrapContext(java.lang.Class,org.springframework.test.context.CacheAwareContextLoaderDelegate)]
15:29:55.834 [main] DEBUG org.springframework.test.context.BootstrapUtils - Instantiating TestContextBootstrapper for test class [com.cognizant.medicalrepresentative.MedRepScheduleServiceApplicationTests] from class [org.springframework.boot.test.context.SpringBootTestContextBootstrapper]
15:29:55.839 [main] INFO org.springframework.boot.test.context.SpringBootTestContextBootstrapper - Neither @ContextConfiguration nor @ContextHierarchy found for test class [com.cognizant.medicalrepresentative.MedRepScheduleServiceApplicationTests], using SpringBootContextLoader
15:29:55.843 [main] DEBUG org.springframework.test.context.support.AbstractContextLoader - Did not detect default resource location for test class [com.cognizant.medicalrepresentative.MedRepScheduleServiceApplicationTests]: class path resource [com/cognizant/medicalrepresentative/MedRepScheduleServiceApplicationTests-context.xml] does not exist
15:29:55.845 [main] DEBUG org.springframework.test.context.support.AbstractContextLoader - Did not detect default resource location for test class [com.cognizant.medicalrepresentative.MedRepScheduleServiceApplicationTests]: class path resource [com/cognizant/medicalrepresentative/MedRepScheduleServiceApplicationTestsContext.groovy] does not exist
15:29:55.846 [main] INFO org.springframework.test.context.support.AbstractContextLoader - Could not detect default resource locations for test class [com.cognizant.medicalrepresentative.MedRepScheduleServiceApplicationTests]: no resource found for suffixes {-context.xml, Context.groovy}.
15:29:55.846 [main] INFO org.springframework.test.context.support.AnnotationConfigContextLoaderUtils - Could not detect default configuration classes for test class [com.cognizant.medicalrepresentative.MedRepScheduleServiceApplicationTests]: MedRepScheduleServiceApplicationTests does not declare any static, non-private, non-final, nested classes annotated with @Configuration.
15:29:55.851 [main] DEBUG org.springframework.test.context.support.ActiveProfilesUtils - Could not find an 'annotation declaring class' for annotation type [org.springframework.test.context.ActiveProfiles] and class [com.cognizant.medicalrepresentative.MedRepScheduleServiceApplicationTests]
15:29:55.938 [main] DEBUG org.springframework.test.context.BootstrapUtils - Instantiating CacheAwareContextLoaderDelegate from class [org.springframework.test.context.cache.DefaultCacheAwareContextLoaderDelegate]
15:29:55.940 [main] DEBUG org.springframework.test.context.BootstrapUtils - Instantiating BootstrapContext using constructor [public org.springframework.test.context.support.DefaultBootstrapContext(java.lang.Class,org.springframework.test.context.CacheAwareContextLoaderDelegate)]
15:29:55.941 [main] DEBUG org.springframework.test.context.BootstrapUtils - Instantiating TestContextBootstrapper for test class [com.cognizant.medicalrepresentative.MedRepScheduleServiceApplicationTests] from class [org.springframework.boot.test.context.SpringBootTestContextBootstrapper]
15:29:55.951 [main] INFO org.springframework.boot.test.context.SpringBootTestContextBootstrapper - Neither @ContextConfiguration nor @ContextHierarchy found for test class [com.cognizant.medicalrepresentative.MedRepScheduleServiceApplicationTests], using SpringBootContextLoader
15:29:55.958 [main] DEBUG org.springframework.test.context.support.AbstractContextLoader - Did not detect default resource location for test class [com.cognizant.medicalrepresentative.MedRepScheduleServiceApplicationTests]: class path resource [com/cognizant/medicalrepresentative/MedRepScheduleServiceApplicationTests-context.xml] does not exist
15:29:55.959 [main] DEBUG org.springframework.test.context.support.AbstractContextLoader - Did not detect default resource location for test class [com.cognizant.medicalrepresentative.MedRepScheduleServiceApplicationTests]: class path resource [com/cognizant/medicalrepresentative/MedRepScheduleServiceApplicationTestsContext.groovy] does not exist
15:29:55.961 [main] INFO org.springframework.test.context.support.AbstractContextLoader - Could not detect default resource locations for test class [com.cognizant.medicalrepresentative.MedRepScheduleServiceApplicationTests]: no resource found for suffixes {-context.xml, Context.groovy}.
15:29:55.961 [main] INFO org.springframework.test.context.support.AnnotationConfigContextLoaderUtils - Could not detect default configuration classes for test class [com.cognizant.medicalrepresentative.MedRepScheduleServiceApplicationTests]: MedRepScheduleServiceApplicationTests does not declare any static, non-private, non-final, nested classes annotated with @Configuration.
15:29:55.967 [main] DEBUG org.springframework.test.context.support.ActiveProfilesUtils - Could not find an 'annotation declaring class' for annotation type [org.springframework.test.context.ActiveProfiles] and class [com.cognizant.medicalrepresentative.MedRepScheduleServiceApplicationTests]
15:29:56.029 [main] DEBUG org.springframework.test.context.BootstrapUtils - Instantiating CacheAwareContextLoaderDelegate from class [org.springframework.test.context.cache.DefaultCacheAwareContextLoaderDelegate]
15:29:56.029 [main] DEBUG org.springframework.test.context.BootstrapUtils - Instantiating BootstrapContext using constructor [public org.springframework.test.context.support.DefaultBootstrapContext(java.lang.Class,org.springframework.test.context.CacheAwareContextLoaderDelegate)]
15:29:56.031 [main] DEBUG org.springframework.test.context.BootstrapUtils - Instantiating TestContextBootstrapper for test class [com.cognizant.medicalrepresentative.MedRepScheduleServiceApplicationTests] from class [org.springframework.boot.test.context.SpringBootTestContextBootstrapper]
15:29:56.035 [main] INFO org.springframework.boot.test.context.SpringBootTestContextBootstrapper - Neither @ContextConfiguration nor @ContextHierarchy found for test class [com.cognizant.medicalrepresentative.MedRepScheduleServiceApplicationTests], using SpringBootContextLoader
15:29:56.042 [main] DEBUG org.springframework.test.context.support.AbstractContextLoader - Did not detect default resource location for test class [com.cognizant.medicalrepresentative.MedRepScheduleServiceApplicationTests]: class path resource [com/cognizant/medicalrepresentative/MedRepScheduleServiceApplicationTests-context.xml] does not exist
15:29:56.043 [main] DEBUG org.springframework.test.context.support.AbstractContextLoader - Did not detect default resource location for test class [com.cognizant.medicalrepresentative.MedRepScheduleServiceApplicationTests]: class path resource [com/cognizant/medicalrepresentative/MedRepScheduleServiceApplicationTestsContext.groovy] does not exist
15:29:56.045 [main] INFO org.springframework.test.context.support.AbstractContextLoader - Could not detect default resource locations for test class [com.cognizant.medicalrepresentative.MedRepScheduleServiceApplicationTests]: no resource found for suffixes {-context.xml, Context.groovy}.
15:29:56.045 [main] INFO org.springframework.test.context.support.AnnotationConfigContextLoaderUtils - Could not detect default configuration classes for test class [com.cognizant.medicalrepresentative.MedRepScheduleServiceApplicationTests]: MedRepScheduleServiceApplicationTests does not declare any static, non-private, non-final, nested classes annotated with @Configuration.
15:29:56.048 [main] DEBUG org.springframework.test.context.support.ActiveProfilesUtils - Could not find an 'annotation declaring class' for annotation type [org.springframework.test.context.ActiveProfiles] and class [com.cognizant.medicalrepresentative.MedRepScheduleServiceApplicationTests]
]]></system-out>
  </testcase>
</testsuite>